1668607120870	geckodriver	INFO	Listening on 127.0.0.1:54839
Running Firefox as root in a regular user's session is not supported.  ($XAUTHORITY is /home/Arch0/.Xauthority which is owned by Arch0.)
1668607169830	geckodriver	INFO	Listening on 127.0.0.1:51387
1668607199943	geckodriver	INFO	Listening on 127.0.0.1:46901
Running Firefox as root in a regular user's session is not supported.  ($XAUTHORITY is /home/Arch0/.Xauthority which is owned by Arch0.)
1668607490348	geckodriver	INFO	Listening on 127.0.0.1:36733
Running Firefox as root in a regular user's session is not supported.  ($XAUTHORITY is /home/Arch0/.Xauthority which is owned by Arch0.)
1668607608396	geckodriver	INFO	Listening on 127.0.0.1:58673
Running Firefox as root in a regular user's session is not supported.  ($XAUTHORITY is /home/Arch0/.Xauthority which is owned by Arch0.)
1668608037573	geckodriver	INFO	Listening on 127.0.0.1:41189
Running Firefox as root in a regular user's session is not supported.  ($XAUTHORITY is /home/Arch0/.Xauthority which is owned by Arch0.)
1668608134468	geckodriver	INFO	Listening on 127.0.0.1:46005
Running Firefox as root in a regular user's session is not supported.  ($XAUTHORITY is /home/Arch0/.Xauthority which is owned by Arch0.)
1668608514510	geckodriver	INFO	Listening on 127.0.0.1:56683
Running Firefox as root in a regular user's session is not supported.  ($XAUTHORITY is /home/Arch0/.Xauthority which is owned by Arch0.)
1668608514540	mozrunner::runner	INFO	Running command: "/usr/bin/firefox" "--marionette" "-no-remote" "-profile" "/tmp/rust_mozprofile6VmB8X"
Running Firefox as root in a regular user's session is not supported.  ($XAUTHORITY is /home/Arch0/.Xauthority which is owned by Arch0.)
1668608602912	geckodriver	INFO	Listening on 127.0.0.1:54367
Running Firefox as root in a regular user's session is not supported.  ($XAUTHORITY is /home/Arch0/.Xauthority which is owned by Arch0.)
1668608602940	mozrunner::runner	INFO	Running command: "/usr/bin/firefox" "--marionette" "-no-remote" "-profile" "/tmp/rust_mozprofileuV7lgj"
Running Firefox as root in a regular user's session is not supported.  ($XAUTHORITY is /home/Arch0/.Xauthority which is owned by Arch0.)
1668608661050	geckodriver	INFO	Listening on 127.0.0.1:43173
Running Firefox as root in a regular user's session is not supported.  ($XAUTHORITY is /home/Arch0/.Xauthority which is owned by Arch0.)
1668608692362	geckodriver	INFO	Listening on 127.0.0.1:44555
Running Firefox as root in a regular user's session is not supported.  ($XAUTHORITY is /home/Arch0/.Xauthority which is owned by Arch0.)
1668608692390	mozrunner::runner	INFO	Running command: "/usr/bin/firefox" "--marionette" "-headless" "-no-remote" "-profile" "/tmp/rust_mozprofileK4bZ5n"
Running Firefox as root in a regular user's session is not supported.  ($XAUTHORITY is /home/Arch0/.Xauthority which is owned by Arch0.)
1668608840948	geckodriver	INFO	Listening on 127.0.0.1:56483
Running Firefox as root in a regular user's session is not supported.  ($XAUTHORITY is /home/Arch0/.Xauthority which is owned by Arch0.)
1668608840982	mozrunner::runner	INFO	Running command: "/usr/bin/firefox" "--marionette" "-headless" "-no-remote" "-profile" "/tmp/rust_mozprofilehCBfgW"
Running Firefox as root in a regular user's session is not supported.  ($XAUTHORITY is /home/Arch0/.Xauthority which is owned by Arch0.)
1668608997179	geckodriver	INFO	Listening on 127.0.0.1:42675
1668608997182	mozrunner::runner	INFO	Running command: "/usr/lib/firefox/firefox" "--marionette" "-no-remote" "-profile" "/tmp/rust_mozprofile8miPE3"
Running Firefox as root in a regular user's session is not supported.  ($XAUTHORITY is /home/Arch0/.Xauthority which is owned by Arch0.)
1668609065511	geckodriver	INFO	Listening on 127.0.0.1:38775
1668609065513	mozrunner::runner	INFO	Running command: "/usr/lib/firefox/firefox" "--marionette" "-no-remote" "-profile" "/tmp/rust_mozprofileDYbB4D"
Running Firefox as root in a regular user's session is not supported.  ($XAUTHORITY is /home/Arch0/.Xauthority which is owned by Arch0.)
1668609137769	geckodriver	INFO	Listening on 127.0.0.1:34485
1668609137771	mozrunner::runner	INFO	Running command: "/usr/lib/firefox/firefox" "--marionette" "-headless" "-no-remote" "-profile" "/tmp/rust_mozprofileBNSyNd"
Running Firefox as root in a regular user's session is not supported.  ($XAUTHORITY is /home/Arch0/.Xauthority which is owned by Arch0.)
1668609543506	geckodriver	INFO	Listening on 127.0.0.1:49345
1668609543510	mozrunner::runner	INFO	Running command: "/usr/lib/firefox/firefox" "--marionette" "-headless" "-no-remote" "-profile" "/tmp/rust_mozprofile334N1W"
*** You are running in headless mode.
1668609543819	Marionette	INFO	Marionette enabled
1668609543823	Marionette	INFO	Listening on port 37273
Read port: 37273
1668609544013	RemoteAgent	WARN	TLS certificate errors will be ignored for this session
[GFX1-]: RenderCompositorSWGL failed mapping default framebuffer, no dt
console.warn: SearchSettings: "get: No settings file exists, new profile?" (new NotFoundError("Could not open the file at /tmp/rust_mozprofile334N1W/search.json.mozlz4", (void 0)))
JavaScript warning: https://www.cisco.com/c/dam/cdc/t/ctm-core.js, line 677: unreachable code after return statement
libEGL warning: pci id for fd 219: 80ee:beef, driver (null)

JavaScript warning: https://www.cisco.com/c/dam/cdc/j/at.js, line 15: WEBGL_debug_renderer_info is deprecated in Firefox and will be removed. Please use RENDERER.
1668609551684	Marionette	INFO	Stopped listening on port 37273
1668610189444	geckodriver	INFO	Listening on 127.0.0.1:56223
1668610189446	mozrunner::runner	INFO	Running command: "/usr/lib/firefox/firefox" "--marionette" "-headless" "-no-remote" "-profile" "/tmp/rust_mozprofilerGjx6O"
*** You are running in headless mode.
1668610189698	Marionette	INFO	Marionette enabled
1668610189701	Marionette	INFO	Listening on port 44051
Read port: 44051
1668610189857	RemoteAgent	WARN	TLS certificate errors will be ignored for this session
[GFX1-]: RenderCompositorSWGL failed mapping default framebuffer, no dt
console.warn: SearchSettings: "get: No settings file exists, new profile?" (new NotFoundError("Could not open the file at /tmp/rust_mozprofilerGjx6O/search.json.mozlz4", (void 0)))
JavaScript warning: https://www.cisco.com/c/dam/cdc/t/ctm-core.js, line 677: unreachable code after return statement
libEGL warning: pci id for fd 226: 80ee:beef, driver (null)

JavaScript warning: https://www.cisco.com/c/dam/cdc/j/at.js, line 15: WEBGL_debug_renderer_info is deprecated in Firefox and will be removed. Please use RENDERER.
libEGL warning: pci id for fd 140: 80ee:beef, driver (null)

JavaScript warning: https://assets.adobedtm.com/launch-EN919758db9a654a17bac7d184b99c4820.min.js, line 9: WEBGL_debug_renderer_info is deprecated in Firefox and will be removed. Please use RENDERER.
JavaScript error: , line 0: TypeError: NetworkError when attempting to fetch resource.
JavaScript error: , line 0: TypeError: NetworkError when attempting to fetch resource.
JavaScript error: , line 0: TypeError: NetworkError when attempting to fetch resource.
JavaScript error: , line 0: TypeError: NetworkError when attempting to fetch resource.
JavaScript error: , line 0: TypeError: NetworkError when attempting to fetch resource.
JavaScript error: , line 0: TypeError: NetworkError when attempting to fetch resource.
JavaScript error: , line 0: TypeError: NetworkError when attempting to fetch resource.
JavaScript error: , line 0: TypeError: NetworkError when attempting to fetch resource.
JavaScript error: , line 0: TypeError: [alloy] [DataCollector] An error occurred while executing the sendEvent command.
Caused by: Network request failed.
Caused by: NetworkError when attempting to fetch resource.
JavaScript error: , line 0: TypeError: NetworkError when attempting to fetch resource.
JavaScript error: , line 0: TypeError: NetworkError when attempting to fetch resource.
JavaScript error: , line 0: TypeError: NetworkError when attempting to fetch resource.
JavaScript error: , line 0: TypeError: NetworkError when attempting to fetch resource.
JavaScript error: , line 0: TypeError: NetworkError when attempting to fetch resource.
JavaScript error: , line 0: TypeError: NetworkError when attempting to fetch resource.
1668610202211	Marionette	WARN	Ignoring event 'pageshow' because document has an invalid readyState of 'uninitialized'.
1668610244219	geckodriver	INFO	Listening on 127.0.0.1:56573
1668610244222	mozrunner::runner	INFO	Running command: "/usr/lib/firefox/firefox" "--marionette" "-headless" "-no-remote" "-profile" "/tmp/rust_mozprofiledHATBE"
*** You are running in headless mode.
1668610244498	Marionette	INFO	Marionette enabled
1668610244502	Marionette	INFO	Listening on port 34109
Read port: 34109
1668610244573	RemoteAgent	WARN	TLS certificate errors will be ignored for this session
[GFX1-]: RenderCompositorSWGL failed mapping default framebuffer, no dt
console.warn: SearchSettings: "get: No settings file exists, new profile?" (new NotFoundError("Could not open the file at /tmp/rust_mozprofiledHATBE/search.json.mozlz4", (void 0)))
JavaScript warning: https://www.cisco.com/c/dam/cdc/t/ctm-core.js, line 677: unreachable code after return statement
libEGL warning: pci id for fd 222: 80ee:beef, driver (null)

JavaScript warning: https://www.cisco.com/c/dam/cdc/j/at.js, line 15: WEBGL_debug_renderer_info is deprecated in Firefox and will be removed. Please use RENDERER.
libEGL warning: pci id for fd 152: 80ee:beef, driver (null)

JavaScript warning: https://assets.adobedtm.com/launch-EN919758db9a654a17bac7d184b99c4820.min.js, line 9: WEBGL_debug_renderer_info is deprecated in Firefox and will be removed. Please use RENDERER.
JavaScript error: , line 0: TypeError: NetworkError when attempting to fetch resource.
JavaScript error: , line 0: TypeError: NetworkError when attempting to fetch resource.
JavaScript error: , line 0: TypeError: NetworkError when attempting to fetch resource.
JavaScript error: , line 0: TypeError: NetworkError when attempting to fetch resource.
JavaScript error: , line 0: TypeError: NetworkError when attempting to fetch resource.
JavaScript error: , line 0: TypeError: NetworkError when attempting to fetch resource.
JavaScript error: , line 0: TypeError: NetworkError when attempting to fetch resource.
JavaScript error: , line 0: TypeError: NetworkError when attempting to fetch resource.
JavaScript error: , line 0: TypeError: NetworkError when attempting to fetch resource.
JavaScript error: , line 0: TypeError: NetworkError when attempting to fetch resource.
JavaScript error: , line 0: TypeError: NetworkError when attempting to fetch resource.
JavaScript error: , line 0: TypeError: NetworkError when attempting to fetch resource.
JavaScript error: , line 0: TypeError: NetworkError when attempting to fetch resource.
JavaScript error: , line 0: TypeError: NetworkError when attempting to fetch resource.
JavaScript error: https://assets.adobedtm.com/launch-EN919758db9a654a17bac7d184b99c4820.min.js, line 12: Error: No identity was set on response.
JavaScript error: , line 0: TypeError: [alloy] [DataCollector] An error occurred while executing the sendEvent command.
Caused by: Network request failed.
Caused by: NetworkError when attempting to fetch resource.
1668610254746	Marionette	WARN	Ignoring event 'pageshow' because document has an invalid readyState of 'uninitialized'.
1668610267425	geckodriver	INFO	Listening on 127.0.0.1:39753
1668610267427	mozrunner::runner	INFO	Running command: "/usr/lib/firefox/firefox" "--marionette" "-headless" "-no-remote" "-profile" "/tmp/rust_mozprofileRK4JN0"
*** You are running in headless mode.
1668610267756	Marionette	INFO	Marionette enabled
1668610267759	Marionette	INFO	Listening on port 38093
Read port: 38093
1668610268003	RemoteAgent	WARN	TLS certificate errors will be ignored for this session
[GFX1-]: RenderCompositorSWGL failed mapping default framebuffer, no dt
console.warn: SearchSettings: "get: No settings file exists, new profile?" (new NotFoundError("Could not open the file at /tmp/rust_mozprofileRK4JN0/search.json.mozlz4", (void 0)))
JavaScript warning: https://www.cisco.com/c/dam/cdc/t/ctm-core.js, line 677: unreachable code after return statement
libEGL warning: pci id for fd 199: 80ee:beef, driver (null)

JavaScript warning: https://www.cisco.com/c/dam/cdc/j/at.js, line 15: WEBGL_debug_renderer_info is deprecated in Firefox and will be removed. Please use RENDERER.
libEGL warning: pci id for fd 171: 80ee:beef, driver (null)

JavaScript warning: https://assets.adobedtm.com/launch-EN919758db9a654a17bac7d184b99c4820.min.js, line 9: WEBGL_debug_renderer_info is deprecated in Firefox and will be removed. Please use RENDERER.
JavaScript error: , line 0: TypeError: NetworkError when attempting to fetch resource.
JavaScript error: , line 0: TypeError: NetworkError when attempting to fetch resource.
JavaScript error: , line 0: TypeError: NetworkError when attempting to fetch resource.
JavaScript error: , line 0: TypeError: NetworkError when attempting to fetch resource.
JavaScript error: , line 0: TypeError: NetworkError when attempting to fetch resource.
JavaScript error: , line 0: TypeError: NetworkError when attempting to fetch resource.
JavaScript error: , line 0: TypeError: NetworkError when attempting to fetch resource.
JavaScript error: , line 0: TypeError: NetworkError when attempting to fetch resource.
JavaScript error: , line 0: TypeError: NetworkError when attempting to fetch resource.
JavaScript error: , line 0: TypeError: NetworkError when attempting to fetch resource.
JavaScript error: , line 0: TypeError: NetworkError when attempting to fetch resource.
JavaScript error: , line 0: TypeError: NetworkError when attempting to fetch resource.
JavaScript error: , line 0: TypeError: NetworkError when attempting to fetch resource.
JavaScript error: , line 0: TypeError: NetworkError when attempting to fetch resource.
JavaScript error: , line 0: TypeError: [alloy] [DataCollector] An error occurred while executing the sendEvent command.
Caused by: Network request failed.
Caused by: NetworkError when attempting to fetch resource.
1668610281431	Marionette	WARN	Ignoring event 'pageshow' because document has an invalid readyState of 'uninitialized'.
1668610319827	geckodriver	INFO	Listening on 127.0.0.1:45323
1668610320830	mozrunner::runner	INFO	Running command: "/usr/lib/firefox/firefox" "--marionette" "-headless" "-no-remote" "-profile" "/tmp/rust_mozprofile6riGgw"
*** You are running in headless mode.
1668610321145	Marionette	INFO	Marionette enabled
1668610321149	Marionette	INFO	Listening on port 42697
Read port: 42697
1668610321392	RemoteAgent	WARN	TLS certificate errors will be ignored for this session
[GFX1-]: RenderCompositorSWGL failed mapping default framebuffer, no dt
console.warn: SearchSettings: "get: No settings file exists, new profile?" (new NotFoundError("Could not open the file at /tmp/rust_mozprofile6riGgw/search.json.mozlz4", (void 0)))
JavaScript warning: https://www.cisco.com/c/dam/cdc/t/ctm-core.js, line 677: unreachable code after return statement
libEGL warning: pci id for fd 179: 80ee:beef, driver (null)

JavaScript warning: https://www.cisco.com/c/dam/cdc/j/at.js, line 15: WEBGL_debug_renderer_info is deprecated in Firefox and will be removed. Please use RENDERER.
libEGL warning: pci id for fd 158: 80ee:beef, driver (null)

JavaScript warning: https://assets.adobedtm.com/launch-EN919758db9a654a17bac7d184b99c4820.min.js, line 9: WEBGL_debug_renderer_info is deprecated in Firefox and will be removed. Please use RENDERER.
JavaScript error: , line 0: TypeError: NetworkError when attempting to fetch resource.
JavaScript error: , line 0: TypeError: NetworkError when attempting to fetch resource.
JavaScript error: , line 0: TypeError: NetworkError when attempting to fetch resource.
JavaScript error: , line 0: TypeError: NetworkError when attempting to fetch resource.
JavaScript error: , line 0: TypeError: NetworkError when attempting to fetch resource.
JavaScript error: , line 0: TypeError: NetworkError when attempting to fetch resource.
JavaScript error: , line 0: TypeError: NetworkError when attempting to fetch resource.
JavaScript error: , line 0: TypeError: NetworkError when attempting to fetch resource.
JavaScript error: , line 0: TypeError: NetworkError when attempting to fetch resource.
JavaScript error: , line 0: TypeError: NetworkError when attempting to fetch resource.
JavaScript error: , line 0: TypeError: NetworkError when attempting to fetch resource.
JavaScript error: , line 0: TypeError: NetworkError when attempting to fetch resource.
JavaScript error: , line 0: TypeError: NetworkError when attempting to fetch resource.
1668610333679	Marionette	WARN	Ignoring event 'pageshow' because document has an invalid readyState of 'uninitialized'.
1668610632050	geckodriver	INFO	Listening on 127.0.0.1:56471
1668610632053	mozrunner::runner	INFO	Running command: "/usr/lib/firefox/firefox" "--marionette" "-headless" "-no-remote" "-profile" "/tmp/rust_mozprofile7NRwLG"
*** You are running in headless mode.
1668610632303	Marionette	INFO	Marionette enabled
1668610632306	Marionette	INFO	Listening on port 34079
Read port: 34079
1668610632449	RemoteAgent	WARN	TLS certificate errors will be ignored for this session
[GFX1-]: RenderCompositorSWGL failed mapping default framebuffer, no dt
console.warn: SearchSettings: "get: No settings file exists, new profile?" (new NotFoundError("Could not open the file at /tmp/rust_mozprofile7NRwLG/search.json.mozlz4", (void 0)))
JavaScript warning: https://www.cisco.com/c/dam/cdc/t/ctm-core.js, line 677: unreachable code after return statement
libEGL warning: pci id for fd 233: 80ee:beef, driver (null)

JavaScript warning: https://www.cisco.com/c/dam/cdc/j/at.js, line 15: WEBGL_debug_renderer_info is deprecated in Firefox and will be removed. Please use RENDERER.
libEGL warning: pci id for fd 140: 80ee:beef, driver (null)

JavaScript warning: https://assets.adobedtm.com/launch-EN919758db9a654a17bac7d184b99c4820.min.js, line 9: WEBGL_debug_renderer_info is deprecated in Firefox and will be removed. Please use RENDERER.
JavaScript error: , line 0: TypeError: NetworkError when attempting to fetch resource.
JavaScript error: , line 0: TypeError: NetworkError when attempting to fetch resource.
JavaScript error: , line 0: TypeError: NetworkError when attempting to fetch resource.
JavaScript error: , line 0: TypeError: NetworkError when attempting to fetch resource.
JavaScript error: , line 0: TypeError: NetworkError when attempting to fetch resource.
JavaScript error: , line 0: TypeError: NetworkError when attempting to fetch resource.
JavaScript error: , line 0: TypeError: NetworkError when attempting to fetch resource.
JavaScript error: , line 0: TypeError: NetworkError when attempting to fetch resource.
JavaScript error: , line 0: TypeError: NetworkError when attempting to fetch resource.
JavaScript error: , line 0: TypeError: NetworkError when attempting to fetch resource.
JavaScript error: , line 0: TypeError: NetworkError when attempting to fetch resource.
JavaScript error: , line 0: TypeError: NetworkError when attempting to fetch resource.
JavaScript error: , line 0: TypeError: NetworkError when attempting to fetch resource.
JavaScript error: , line 0: TypeError: NetworkError when attempting to fetch resource.
1668610643998	Marionette	WARN	Ignoring event 'pageshow' because document has an invalid readyState of 'uninitialized'.
1668610699887	geckodriver	INFO	Listening on 127.0.0.1:55565
1668610699890	mozrunner::runner	INFO	Running command: "/usr/lib/firefox/firefox" "--marionette" "-headless" "-no-remote" "-profile" "/tmp/rust_mozprofilefcTdEM"
*** You are running in headless mode.
1668610700167	Marionette	INFO	Marionette enabled
1668610700171	Marionette	INFO	Listening on port 37773
Read port: 37773
1668610700234	RemoteAgent	WARN	TLS certificate errors will be ignored for this session
[GFX1-]: RenderCompositorSWGL failed mapping default framebuffer, no dt
console.warn: SearchSettings: "get: No settings file exists, new profile?" (new NotFoundError("Could not open the file at /tmp/rust_mozprofilefcTdEM/search.json.mozlz4", (void 0)))
1668610760200	geckodriver	INFO	Listening on 127.0.0.1:34233
1668610760203	mozrunner::runner	INFO	Running command: "/usr/lib/firefox/firefox" "--marionette" "-headless" "-no-remote" "-profile" "/tmp/rust_mozprofileockULp"
*** You are running in headless mode.
1668610760536	Marionette	INFO	Marionette enabled
1668610760541	Marionette	INFO	Listening on port 40547
Read port: 40547
1668610760780	RemoteAgent	WARN	TLS certificate errors will be ignored for this session
[GFX1-]: RenderCompositorSWGL failed mapping default framebuffer, no dt
console.warn: SearchSettings: "get: No settings file exists, new profile?" (new NotFoundError("Could not open the file at /tmp/rust_mozprofileockULp/search.json.mozlz4", (void 0)))
JavaScript warning: https://www.cisco.com/c/dam/cdc/t/ctm-core.js, line 677: unreachable code after return statement
libEGL warning: pci id for fd 179: 80ee:beef, driver (null)

JavaScript warning: https://www.cisco.com/c/dam/cdc/j/at.js, line 15: WEBGL_debug_renderer_info is deprecated in Firefox and will be removed. Please use RENDERER.
libEGL warning: pci id for fd 74: 80ee:beef, driver (null)

JavaScript warning: https://www.toyota.com/content/dam/global_files/scripts/adobe_target/version-2-6/at.js, line 13: WEBGL_debug_renderer_info is deprecated in Firefox and will be removed. Please use RENDERER.
JavaScript error: , line 0: uncaught exception: Unable to retrieve dealer details for dealer code: null
JavaScript error: , line 0: uncaught exception: undefined
JavaScript error: , line 0: uncaught exception: undefined
JavaScript error: https://www.toyota.com/etc.clientlibs/tcom/clientlibs/clientlib-sitev2.min.fb46d24f7c9244616aa4999b98adb438.js, line 9: Error: 
JavaScript error: , line 0: uncaught exception: Unable to retrieve dealer details for dealer code: null
JavaScript warning: https://www.sony.com/SDlCHN81h5mJygHS9FvJKlnx3r8/3h9m8pJ6/ZVpVQG8PAg/ViIiFzl/Kbw8B, line 1: unreachable code after return statement
libEGL warning: pci id for fd 217: 80ee:beef, driver (null)

JavaScript warning: https://www.sony.com/SDlCHN81h5mJygHS9FvJKlnx3r8/3h9m8pJ6/ZVpVQG8PAg/ViIiFzl/Kbw8B, line 1: WEBGL_debug_renderer_info is deprecated in Firefox and will be removed. Please use RENDERER.
JavaScript warning: https://www.sony.com/SDlCHN81h5mJygHS9FvJKlnx3r8/3h9m8pJ6/ZVpVQG8PAg/ViIiFzl/Kbw8B, line 1: WEBGL_debug_renderer_info is deprecated in Firefox and will be removed. Please use RENDERER.
[Child 825169, MediaDecoderStateMachine #1] WARNING: Decoder=7f82f08b3c00 Decode error: NS_ERROR_DOM_MEDIA_DEMUXER_ERR (0x806e000c): file /build/firefox/src/firefox-107.0/dom/media/MediaDecoderStateMachineBase.cpp:151
[Child 825169, MediaDecoderStateMachine #1] WARNING: Decoder=7f82d8dacc00 Decode error: NS_ERROR_DOM_MEDIA_DEMUXER_ERR (0x806e000c): file /build/firefox/src/firefox-107.0/dom/media/MediaDecoderStateMachineBase.cpp:151
[Child 825169, MediaDecoderStateMachine #1] WARNING: Decoder=7f82e0b1d600 Decode error: NS_ERROR_DOM_MEDIA_DEMUXER_ERR (0x806e000c): file /build/firefox/src/firefox-107.0/dom/media/MediaDecoderStateMachineBase.cpp:151
[Child 825169, MediaDecoderStateMachine #1] WARNING: Decoder=7f82d8daea00 Decode error: NS_ERROR_DOM_MEDIA_DEMUXER_ERR (0x806e000c): file /build/firefox/src/firefox-107.0/dom/media/MediaDecoderStateMachineBase.cpp:151
[Child 825169, MediaDecoderStateMachine #1] WARNING: Decoder=7f82d8dae400 Decode error: NS_ERROR_DOM_MEDIA_DEMUXER_ERR (0x806e000c): file /build/firefox/src/firefox-107.0/dom/media/MediaDecoderStateMachineBase.cpp:151
[Child 825169, MediaDecoderStateMachine #1] WARNING: Decoder=7f82e0b1d000 Decode error: NS_ERROR_DOM_MEDIA_DEMUXER_ERR (0x806e000c): file /build/firefox/src/firefox-107.0/dom/media/MediaDecoderStateMachineBase.cpp:151
[Child 825169, MediaDecoderStateMachine #1] WARNING: Decoder=7f82d8dacc00 Decode error: NS_ERROR_DOM_MEDIA_DEMUXER_ERR (0x806e000c): file /build/firefox/src/firefox-107.0/dom/media/MediaDecoderStateMachineBase.cpp:151
[Child 825169, MediaDecoderStateMachine #1] WARNING: Decoder=7f82d8dae400 Decode error: NS_ERROR_DOM_MEDIA_DEMUXER_ERR (0x806e000c): file /build/firefox/src/firefox-107.0/dom/media/MediaDecoderStateMachineBase.cpp:151
[Child 825169, MediaDecoderStateMachine #1] WARNING: Decoder=7f82d8daea00 Decode error: NS_ERROR_DOM_MEDIA_DEMUXER_ERR (0x806e000c): file /build/firefox/src/firefox-107.0/dom/media/MediaDecoderStateMachineBase.cpp:151
[Child 825169, MediaDecoderStateMachine #1] WARNING: Decoder=7f82e0b1d000 Decode error: NS_ERROR_DOM_MEDIA_DEMUXER_ERR (0x806e000c): file /build/firefox/src/firefox-107.0/dom/media/MediaDecoderStateMachineBase.cpp:151
[Child 825169, MediaDecoderStateMachine #1] WARNING: Decoder=7f82e0b1d600 Decode error: NS_ERROR_DOM_MEDIA_DEMUXER_ERR (0x806e000c): file /build/firefox/src/firefox-107.0/dom/media/MediaDecoderStateMachineBase.cpp:151
[Child 825169, MediaDecoderStateMachine #1] WARNING: Decoder=7f82d8dacc00 Decode error: NS_ERROR_DOM_MEDIA_DEMUXER_ERR (0x806e000c): file /build/firefox/src/firefox-107.0/dom/media/MediaDecoderStateMachineBase.cpp:151
[Child 825169, MediaDecoderStateMachine #1] WARNING: Decoder=7f82e0b1d000 Decode error: NS_ERROR_DOM_MEDIA_DEMUXER_ERR (0x806e000c): file /build/firefox/src/firefox-107.0/dom/media/MediaDecoderStateMachineBase.cpp:151
libEGL warning: pci id for fd 187: 80ee:beef, driver (null)

JavaScript warning: https://www.ford.com/adobedtmredirect/248d63c2ff6b/5e8baaa76508/launch-dda3f8250d58.min, line 3: WEBGL_debug_renderer_info is deprecated in Firefox and will be removed. Please use RENDERER.
1668610802450	Marionette	INFO	Stopped listening on port 40547
1668611050219	geckodriver	INFO	Listening on 127.0.0.1:57953
1668611050222	mozrunner::runner	INFO	Running command: "/usr/lib/firefox/firefox" "--marionette" "-headless" "-no-remote" "-profile" "/tmp/rust_mozprofile6fvcxf"
*** You are running in headless mode.
1668611050485	Marionette	INFO	Marionette enabled
1668611050488	Marionette	INFO	Listening on port 43235
Read port: 43235
1668611050562	RemoteAgent	WARN	TLS certificate errors will be ignored for this session
[GFX1-]: RenderCompositorSWGL failed mapping default framebuffer, no dt
console.warn: SearchSettings: "get: No settings file exists, new profile?" (new NotFoundError("Could not open the file at /tmp/rust_mozprofile6fvcxf/search.json.mozlz4", (void 0)))
JavaScript warning: https://www.cisco.com/c/dam/cdc/t/ctm-core.js, line 677: unreachable code after return statement
JavaScript error: , line 0: TypeError: error loading dynamically imported module
libEGL warning: pci id for fd 180: 80ee:beef, driver (null)

JavaScript warning: https://www.toyota.com/content/dam/global_files/scripts/adobe_target/version-2-6/at.js, line 13: WEBGL_debug_renderer_info is deprecated in Firefox and will be removed. Please use RENDERER.
JavaScript error: , line 0: uncaught exception: Unable to retrieve dealer details for dealer code: null
JavaScript error: , line 0: uncaught exception: Unable to retrieve dealer details for dealer code: null
JavaScript error: , line 0: uncaught exception: undefined
JavaScript error: , line 0: uncaught exception: undefined
JavaScript error: https://www.toyota.com/etc.clientlibs/tcom/clientlibs/clientlib-sitev2.min.fb46d24f7c9244616aa4999b98adb438.js, line 9: Error: 
JavaScript warning: https://www.sony.com/SDlCHN81h5mJygHS9FvJKlnx3r8/3h9m8pJ6/ZVpVQG8PAg/ViIiFzl/Kbw8B, line 1: unreachable code after return statement
libEGL warning: pci id for fd 175: 80ee:beef, driver (null)

JavaScript warning: https://www.sony.com/SDlCHN81h5mJygHS9FvJKlnx3r8/3h9m8pJ6/ZVpVQG8PAg/ViIiFzl/Kbw8B, line 1: WEBGL_debug_renderer_info is deprecated in Firefox and will be removed. Please use RENDERER.
JavaScript warning: https://www.sony.com/SDlCHN81h5mJygHS9FvJKlnx3r8/3h9m8pJ6/ZVpVQG8PAg/ViIiFzl/Kbw8B, line 1: WEBGL_debug_renderer_info is deprecated in Firefox and will be removed. Please use RENDERER.
JavaScript error: https://cdn.cookielaw.org/scripttemplates/202210.1.0/otBannerSdk.js, line 7: TypeError: yn.bannerGroup is undefined
[Child 827155, MediaDecoderStateMachine #1] WARNING: Decoder=7fdb09c4b600 Decode error: NS_ERROR_DOM_MEDIA_DEMUXER_ERR (0x806e000c): file /build/firefox/src/firefox-107.0/dom/media/MediaDecoderStateMachineBase.cpp:151
[Child 827155, MediaDecoderStateMachine #1] WARNING: Decoder=7fdafab97f00 Decode error: NS_ERROR_DOM_MEDIA_DEMUXER_ERR (0x806e000c): file /build/firefox/src/firefox-107.0/dom/media/MediaDecoderStateMachineBase.cpp:151
[Child 827155, MediaDecoderStateMachine #1] WARNING: Decoder=7fdb09c4b600 Decode error: NS_ERROR_DOM_MEDIA_DEMUXER_ERR (0x806e000c): file /build/firefox/src/firefox-107.0/dom/media/MediaDecoderStateMachineBase.cpp:151
[Child 827155, MediaDecoderStateMachine #1] WARNING: Decoder=7fdafab97f00 Decode error: NS_ERROR_DOM_MEDIA_DEMUXER_ERR (0x806e000c): file /build/firefox/src/firefox-107.0/dom/media/MediaDecoderStateMachineBase.cpp:151
libEGL warning: pci id for fd 120: 80ee:beef, driver (null)

JavaScript warning: https://www.ford.com/adobedtmredirect/248d63c2ff6b/5e8baaa76508/launch-dda3f8250d58.min, line 3: WEBGL_debug_renderer_info is deprecated in Firefox and will be removed. Please use RENDERER.
1668611087338	Marionette	INFO	Stopped listening on port 43235
1668611545635	geckodriver	INFO	Listening on 127.0.0.1:52225
1668611545638	mozrunner::runner	INFO	Running command: "/usr/lib/firefox/firefox" "--marionette" "-headless" "-no-remote" "-profile" "/tmp/rust_mozprofile478Rne"
*** You are running in headless mode.
1668611545920	Marionette	INFO	Marionette enabled
1668611545924	Marionette	INFO	Listening on port 37663
Read port: 37663
1668611545997	RemoteAgent	WARN	TLS certificate errors will be ignored for this session
[GFX1-]: RenderCompositorSWGL failed mapping default framebuffer, no dt
console.warn: SearchSettings: "get: No settings file exists, new profile?" (new NotFoundError("Could not open the file at /tmp/rust_mozprofile478Rne/search.json.mozlz4", (void 0)))
JavaScript warning: https://www.cisco.com/c/dam/cdc/t/ctm-core.js, line 677: unreachable code after return statement
libEGL warning: pci id for fd 202: 80ee:beef, driver (null)

JavaScript warning: https://www.cisco.com/c/dam/cdc/j/at.js, line 15: WEBGL_debug_renderer_info is deprecated in Firefox and will be removed. Please use RENDERER.
libEGL warning: pci id for fd 129: 80ee:beef, driver (null)

JavaScript warning: https://www.toyota.com/content/dam/global_files/scripts/adobe_target/version-2-6/at.js, line 13: WEBGL_debug_renderer_info is deprecated in Firefox and will be removed. Please use RENDERER.
JavaScript error: , line 0: uncaught exception: Unable to retrieve dealer details for dealer code: null
JavaScript error: , line 0: uncaught exception: Unable to retrieve dealer details for dealer code: null
JavaScript error: , line 0: uncaught exception: undefined
JavaScript error: , line 0: uncaught exception: undefined
JavaScript error: https://www.toyota.com/etc.clientlibs/tcom/clientlibs/clientlib-sitev2.min.fb46d24f7c9244616aa4999b98adb438.js, line 9: Error: 
JavaScript warning: https://www.sony.com/SDlCHN81h5mJygHS9FvJKlnx3r8/3h9m8pJ6/ZVpVQG8PAg/ViIiFzl/Kbw8B, line 1: unreachable code after return statement
libEGL warning: pci id for fd 218: 80ee:beef, driver (null)

JavaScript warning: https://www.sony.com/SDlCHN81h5mJygHS9FvJKlnx3r8/3h9m8pJ6/ZVpVQG8PAg/ViIiFzl/Kbw8B, line 1: WEBGL_debug_renderer_info is deprecated in Firefox and will be removed. Please use RENDERER.
JavaScript warning: https://www.sony.com/SDlCHN81h5mJygHS9FvJKlnx3r8/3h9m8pJ6/ZVpVQG8PAg/ViIiFzl/Kbw8B, line 1: WEBGL_debug_renderer_info is deprecated in Firefox and will be removed. Please use RENDERER.
[Child 829136, MediaDecoderStateMachine #1] WARNING: Decoder=7f957b8f4d00 Decode error: NS_ERROR_DOM_MEDIA_DEMUXER_ERR (0x806e000c): file /build/firefox/src/firefox-107.0/dom/media/MediaDecoderStateMachineBase.cpp:151
[Child 829136, MediaDecoderStateMachine #1] WARNING: Decoder=7f957b8f4d00 Decode error: NS_ERROR_DOM_MEDIA_DEMUXER_ERR (0x806e000c): file /build/firefox/src/firefox-107.0/dom/media/MediaDecoderStateMachineBase.cpp:151
[Child 829136, MediaDecoderStateMachine #1] WARNING: Decoder=7f957b8f5300 Decode error: NS_ERROR_DOM_MEDIA_DEMUXER_ERR (0x806e000c): file /build/firefox/src/firefox-107.0/dom/media/MediaDecoderStateMachineBase.cpp:151
[Child 829136, MediaDecoderStateMachine #1] WARNING: Decoder=7f958c59ed00 Decode error: NS_ERROR_DOM_MEDIA_DEMUXER_ERR (0x806e000c): file /build/firefox/src/firefox-107.0/dom/media/MediaDecoderStateMachineBase.cpp:151
libEGL warning: pci id for fd 123: 80ee:beef, driver (null)

JavaScript warning: https://www.ford.com/adobedtmredirect/248d63c2ff6b/5e8baaa76508/launch-dda3f8250d58.min, line 3: WEBGL_debug_renderer_info is deprecated in Firefox and will be removed. Please use RENDERER.
1668611583188	Marionette	INFO	Stopped listening on port 37663
1668611665482	geckodriver	INFO	Listening on 127.0.0.1:54727
1668611666487	mozrunner::runner	INFO	Running command: "/usr/lib/firefox/firefox" "--marionette" "-headless" "-no-remote" "-profile" "/tmp/rust_mozprofiledKibQy"
*** You are running in headless mode.
1668611666809	Marionette	INFO	Marionette enabled
1668611666812	Marionette	INFO	Listening on port 38895
Read port: 38895
1668611667039	RemoteAgent	WARN	TLS certificate errors will be ignored for this session
[GFX1-]: RenderCompositorSWGL failed mapping default framebuffer, no dt
console.warn: SearchSettings: "get: No settings file exists, new profile?" (new NotFoundError("Could not open the file at /tmp/rust_mozprofiledKibQy/search.json.mozlz4", (void 0)))
1668611724680	geckodriver	INFO	Listening on 127.0.0.1:41031
1668611724682	mozrunner::runner	INFO	Running command: "/usr/lib/firefox/firefox" "--marionette" "-headless" "-no-remote" "-profile" "/tmp/rust_mozprofileWzMHhc"
*** You are running in headless mode.
1668611724993	Marionette	INFO	Marionette enabled
1668611724998	Marionette	INFO	Listening on port 40495
Read port: 40495
1668611725241	RemoteAgent	WARN	TLS certificate errors will be ignored for this session
[GFX1-]: RenderCompositorSWGL failed mapping default framebuffer, no dt
console.warn: SearchSettings: "get: No settings file exists, new profile?" (new NotFoundError("Could not open the file at /tmp/rust_mozprofileWzMHhc/search.json.mozlz4", (void 0)))
JavaScript warning: https://www.cisco.com/c/dam/cdc/t/ctm-core.js, line 677: unreachable code after return statement
libEGL warning: pci id for fd 224: 80ee:beef, driver (null)

JavaScript warning: https://www.cisco.com/c/dam/cdc/j/at.js, line 15: WEBGL_debug_renderer_info is deprecated in Firefox and will be removed. Please use RENDERER.
libEGL warning: pci id for fd 119: 80ee:beef, driver (null)

JavaScript warning: https://www.toyota.com/content/dam/global_files/scripts/adobe_target/version-2-6/at.js, line 13: WEBGL_debug_renderer_info is deprecated in Firefox and will be removed. Please use RENDERER.
JavaScript error: , line 0: uncaught exception: Unable to retrieve dealer details for dealer code: null
JavaScript error: , line 0: uncaught exception: Unable to retrieve dealer details for dealer code: null
JavaScript error: , line 0: uncaught exception: undefined
JavaScript error: , line 0: uncaught exception: undefined
JavaScript error: https://www.toyota.com/etc.clientlibs/tcom/clientlibs/clientlib-sitev2.min.fb46d24f7c9244616aa4999b98adb438.js, line 9: Error: 
JavaScript warning: https://www.sony.com/SDlCHN81h5mJygHS9FvJKlnx3r8/3h9m8pJ6/ZVpVQG8PAg/ViIiFzl/Kbw8B, line 1: unreachable code after return statement
libEGL warning: pci id for fd 208: 80ee:beef, driver (null)

JavaScript warning: https://www.sony.com/SDlCHN81h5mJygHS9FvJKlnx3r8/3h9m8pJ6/ZVpVQG8PAg/ViIiFzl/Kbw8B, line 1: WEBGL_debug_renderer_info is deprecated in Firefox and will be removed. Please use RENDERER.
JavaScript warning: https://www.sony.com/SDlCHN81h5mJygHS9FvJKlnx3r8/3h9m8pJ6/ZVpVQG8PAg/ViIiFzl/Kbw8B, line 1: WEBGL_debug_renderer_info is deprecated in Firefox and will be removed. Please use RENDERER.
[Child 830729, MediaDecoderStateMachine #1] WARNING: Decoder=7f8e9227a500 Decode error: NS_ERROR_DOM_MEDIA_DEMUXER_ERR (0x806e000c): file /build/firefox/src/firefox-107.0/dom/media/MediaDecoderStateMachineBase.cpp:151
[Child 830729, MediaDecoderStateMachine #1] WARNING: Decoder=7f8e9227b100 Decode error: NS_ERROR_DOM_MEDIA_DEMUXER_ERR (0x806e000c): file /build/firefox/src/firefox-107.0/dom/media/MediaDecoderStateMachineBase.cpp:151
[Child 830729, MediaDecoderStateMachine #1] WARNING: Decoder=7f8e9227a500 Decode error: NS_ERROR_DOM_MEDIA_DEMUXER_ERR (0x806e000c): file /build/firefox/src/firefox-107.0/dom/media/MediaDecoderStateMachineBase.cpp:151
[Child 830729, MediaDecoderStateMachine #1] WARNING: Decoder=7f8ea5a20900 Decode error: NS_ERROR_DOM_MEDIA_DEMUXER_ERR (0x806e000c): file /build/firefox/src/firefox-107.0/dom/media/MediaDecoderStateMachineBase.cpp:151
libEGL warning: pci id for fd 159: 80ee:beef, driver (null)

JavaScript warning: https://www.ford.com/adobedtmredirect/248d63c2ff6b/5e8baaa76508/launch-dda3f8250d58.min, line 3: WEBGL_debug_renderer_info is deprecated in Firefox and will be removed. Please use RENDERER.
1668611758483	Marionette	INFO	Stopped listening on port 40495
